# JRE version: OpenJDK Runtime Environment Temurin-17.0.4.1+1 (17.0.4.1+1) (build 17.0.4.1+1)
# Java VM: OpenJDK 64-Bit Server VM Temurin-17.0.4.1+1 (17.0.4.1+1, mixed mode, tiered, compressed oops, compressed class ptrs, parallel gc, windows-amd64)
GC Precious Log:
 CPUs: 4 total, 4 available
 Memory: 8078M
 Large Page Support: Disabled
 NUMA Support: Disabled
 Compressed Oops: Enabled (32-bit)
 Alignments: Space 512K, Generation 512K, Heap 2M
 Heap Min Capacity: 100M
 Heap Initial Capacity: 100M
 Heap Max Capacity: 1G
 Pre-touch: Disabled
 Parallel Workers: 4
Heap:
 PSYoungGen      total 1536K, used 998K [0x00000000eab00000, 0x00000000ebd00000, 0x0000000100000000)
  eden space 512K, 0% used [0x00000000eab00000,0x00000000eab00000,0x00000000eab80000)
  from space 1024K, 97% used [0x00000000eb180000,0x00000000eb279bd8,0x00000000eb280000)
  to   space 6144K, 0% used [0x00000000eab80000,0x00000000eab80000,0x00000000eb180000)
 ParOldGen       total 256000K, used 255809K [0x00000000c0000000, 0x00000000cfa00000, 0x00000000eab00000)
  object space 256000K, 99% used [0x00000000c0000000,0x00000000cf9d0710,0x00000000cfa00000)
 Metaspace       used 86497K, committed 87488K, reserved 1130496K
  class space    used 8343K, committed 8768K, reserved 1048576K
GC Heap History (20 events):
Event: 16583.818 GC heap after
{Heap after GC invocations=8086 (full 129):
 PSYoungGen      total 5632K, used 496K [0x00000000eab00000, 0x00000000eb480000, 0x0000000100000000)
  eden space 5120K, 0% used [0x00000000eab00000,0x00000000eab00000,0x00000000eb000000)
  from space 512K, 96% used [0x00000000eb380000,0x00000000eb3fc010,0x00000000eb400000)
  to   space 512K, 0% used [0x00000000eb400000,0x00000000eb400000,0x00000000eb480000)
 ParOldGen       total 252928K, used 246605K [0x00000000c0000000, 0x00000000cf700000, 0x00000000eab00000)
  object space 252928K, 97% used [0x00000000c0000000,0x00000000cf0d3400,0x00000000cf700000)
 Metaspace       used 86495K, committed 87488K, reserved 1130496K
  class space    used 8343K, committed 8768K, reserved 1048576K
}
Event: 16584.736 GC heap before
{Heap before GC invocations=8087 (full 129):
 PSYoungGen      total 5632K, used 5616K [0x00000000eab00000, 0x00000000eb480000, 0x0000000100000000)
  eden space 5120K, 100% used [0x00000000eab00000,0x00000000eb000000,0x00000000eb000000)
  from space 512K, 96% used [0x00000000eb380000,0x00000000eb3fc010,0x00000000eb400000)
  to   space 512K, 0% used [0x00000000eb400000,0x00000000eb400000,0x00000000eb480000)
 ParOldGen       total 252928K, used 246605K [0x00000000c0000000, 0x00000000cf700000, 0x00000000eab00000)
  object space 252928K, 97% used [0x00000000c0000000,0x00000000cf0d3400,0x00000000cf700000)
 Metaspace       used 86495K, committed 87488K, reserved 1130496K
  class space    used 8343K, committed 8768K, reserved 1048576K
}
Event: 16584.740 GC heap after
{Heap after GC invocations=8087 (full 129):
 PSYoungGen      total 5632K, used 510K [0x00000000eab00000, 0x00000000eb600000, 0x0000000100000000)
  eden space 5120K, 0% used [0x00000000eab00000,0x00000000eab00000,0x00000000eb000000)
  from space 512K, 99% used [0x00000000eb400000,0x00000000eb47f9c0,0x00000000eb480000)
  to   space 3072K, 0% used [0x00000000eb000000,0x00000000eb000000,0x00000000eb300000)
 ParOldGen       total 252928K, used 248428K [0x00000000c0000000, 0x00000000cf700000, 0x00000000eab00000)
  object space 252928K, 98% used [0x00000000c0000000,0x00000000cf29b2f8,0x00000000cf700000)
 Metaspace       used 86495K, committed 87488K, reserved 1130496K
  class space    used 8343K, committed 8768K, reserved 1048576K
}
Event: 16584.759 GC heap before
{Heap before GC invocations=8088 (full 129):
 PSYoungGen      total 5632K, used 5630K [0x00000000eab00000, 0x00000000eb600000, 0x0000000100000000)
  eden space 5120K, 100% used [0x00000000eab00000,0x00000000eb000000,0x00000000eb000000)
  from space 512K, 99% used [0x00000000eb400000,0x00000000eb47f9c0,0x00000000eb480000)
  to   space 3072K, 0% used [0x00000000eb000000,0x00000000eb000000,0x00000000eb300000)
 ParOldGen       total 252928K, used 248428K [0x00000000c0000000, 0x00000000cf700000, 0x00000000eab00000)
  object space 252928K, 98% used [0x00000000c0000000,0x00000000cf29b2f8,0x00000000cf700000)
 Metaspace       used 86495K, committed 87488K, reserved 1130496K
  class space    used 8343K, committed 8768K, reserved 1048576K
}
Event: 16584.763 GC heap after
{Heap after GC invocations=8088 (full 129):
 PSYoungGen      total 6656K, used 1152K [0x00000000eab00000, 0x00000000eb480000, 0x0000000100000000)
  eden space 5120K, 0% used [0x00000000eab00000,0x00000000eab00000,0x00000000eb000000)
  from space 1536K, 75% used [0x00000000eb000000,0x00000000eb120000,0x00000000eb180000)
  to   space 2048K, 0% used [0x00000000eb280000,0x00000000eb280000,0x00000000eb480000)
 ParOldGen       total 252928K, used 248665K [0x00000000c0000000, 0x00000000cf700000, 0x00000000eab00000)
  object space 252928K, 98% used [0x00000000c0000000,0x00000000cf2d6778,0x00000000cf700000)
 Metaspace       used 86495K, committed 87488K, reserved 1130496K
  class space    used 8343K, committed 8768K, reserved 1048576K
}
Event: 16584.853 GC heap before
{Heap before GC invocations=8089 (full 129):
 PSYoungGen      total 6656K, used 6272K [0x00000000eab00000, 0x00000000eb480000, 0x0000000100000000)
  eden space 5120K, 100% used [0x00000000eab00000,0x00000000eb000000,0x00000000eb000000)
  from space 1536K, 75% used [0x00000000eb000000,0x00000000eb120000,0x00000000eb180000)
  to   space 2048K, 0% used [0x00000000eb280000,0x00000000eb280000,0x00000000eb480000)
 ParOldGen       total 252928K, used 248665K [0x00000000c0000000, 0x00000000cf700000, 0x00000000eab00000)
  object space 252928K, 98% used [0x00000000c0000000,0x00000000cf2d6778,0x00000000cf700000)
 Metaspace       used 86495K, committed 87488K, reserved 1130496K
  class space    used 8343K, committed 8768K, reserved 1048576K
}
Event: 16584.856 GC heap after
{Heap after GC invocations=8089 (full 129):
 PSYoungGen      total 5632K, used 224K [0x00000000eab00000, 0x00000000eb300000, 0x0000000100000000)
  eden space 5120K, 0% used [0x00000000eab00000,0x00000000eab00000,0x00000000eb000000)
  from space 512K, 43% used [0x00000000eb280000,0x00000000eb2b8000,0x00000000eb300000)
  to   space 1024K, 0% used [0x00000000eb100000,0x00000000eb100000,0x00000000eb200000)
 ParOldGen       total 252928K, used 249743K [0x00000000c0000000, 0x00000000cf700000, 0x00000000eab00000)
  object space 252928K, 98% used [0x00000000c0000000,0x00000000cf3e3c18,0x00000000cf700000)
 Metaspace       used 86495K, committed 87488K, reserved 1130496K
  class space    used 8343K, committed 8768K, reserved 1048576K
}
Event: 16585.350 GC heap before
{Heap before GC invocations=8090 (full 129):
 PSYoungGen      total 5632K, used 5344K [0x00000000eab00000, 0x00000000eb300000, 0x0000000100000000)
  eden space 5120K, 100% used [0x00000000eab00000,0x00000000eb000000,0x00000000eb000000)
  from space 512K, 43% used [0x00000000eb280000,0x00000000eb2b8000,0x00000000eb300000)
  to   space 1024K, 0% used [0x00000000eb100000,0x00000000eb100000,0x00000000eb200000)
 ParOldGen       total 252928K, used 249743K [0x00000000c0000000, 0x00000000cf700000, 0x00000000eab00000)
  object space 252928K, 98% used [0x00000000c0000000,0x00000000cf3e3c18,0x00000000cf700000)
 Metaspace       used 86495K, committed 87488K, reserved 1130496K
  class space    used 8343K, committed 8768K, reserved 1048576K
}
Event: 16585.353 GC heap after
{Heap after GC invocations=8090 (full 129):
 PSYoungGen      total 6144K, used 832K [0x00000000eab00000, 0x00000000eb300000, 0x0000000100000000)
  eden space 5120K, 0% used [0x00000000eab00000,0x00000000eab00000,0x00000000eb000000)
  from space 1024K, 81% used [0x00000000eb100000,0x00000000eb1d0000,0x00000000eb200000)
  to   space 1024K, 0% used [0x00000000eb200000,0x00000000eb200000,0x00000000eb300000)
 ParOldGen       total 252928K, used 249903K [0x00000000c0000000, 0x00000000cf700000, 0x00000000eab00000)
  object space 252928K, 98% used [0x00000000c0000000,0x00000000cf40bc18,0x00000000cf700000)
 Metaspace       used 86495K, committed 87488K, reserved 1130496K
  class space    used 8343K, committed 8768K, reserved 1048576K
}
Event: 16585.491 GC heap before
{Heap before GC invocations=8091 (full 129):
 PSYoungGen      total 6144K, used 5952K [0x00000000eab00000, 0x00000000eb300000, 0x0000000100000000)
  eden space 5120K, 100% used [0x00000000eab00000,0x00000000eb000000,0x00000000eb000000)
  from space 1024K, 81% used [0x00000000eb100000,0x00000000eb1d0000,0x00000000eb200000)
  to   space 1024K, 0% used [0x00000000eb200000,0x00000000eb200000,0x00000000eb300000)
 ParOldGen       total 252928K, used 249903K [0x00000000c0000000, 0x00000000cf700000, 0x00000000eab00000)
  object space 252928K, 98% used [0x00000000c0000000,0x00000000cf40bc18,0x00000000cf700000)
 Metaspace       used 86495K, committed 87488K, reserved 1130496K
  class space    used 8343K, committed 8768K, reserved 1048576K
}
Event: 16585.494 GC heap after
{Heap after GC invocations=8091 (full 129):
 PSYoungGen      total 6144K, used 784K [0x00000000eab00000, 0x00000000eb300000, 0x0000000100000000)
  eden space 5120K, 0% used [0x00000000eab00000,0x00000000eab00000,0x00000000eb000000)
  from space 1024K, 76% used [0x00000000eb200000,0x00000000eb2c4010,0x00000000eb300000)
  to   space 1024K, 0% used [0x00000000eb100000,0x00000000eb100000,0x00000000eb200000)
 ParOldGen       total 252928K, used 249903K [0x00000000c0000000, 0x00000000cf700000, 0x00000000eab00000)
  object space 252928K, 98% used [0x00000000c0000000,0x00000000cf40bc18,0x00000000cf700000)
 Metaspace       used 86495K, committed 87488K, reserved 1130496K
  class space    used 8343K, committed 8768K, reserved 1048576K
}
Event: 16585.516 GC heap before
{Heap before GC invocations=8092 (full 129):
 PSYoungGen      total 6144K, used 5904K [0x00000000eab00000, 0x00000000eb300000, 0x0000000100000000)
  eden space 5120K, 100% used [0x00000000eab00000,0x00000000eb000000,0x00000000eb000000)
  from space 1024K, 76% used [0x00000000eb200000,0x00000000eb2c4010,0x00000000eb300000)
  to   space 1024K, 0% used [0x00000000eb100000,0x00000000eb100000,0x00000000eb200000)
 ParOldGen       total 252928K, used 249903K [0x00000000c0000000, 0x00000000cf700000, 0x00000000eab00000)
  object space 252928K, 98% used [0x00000000c0000000,0x00000000cf40bc18,0x00000000cf700000)
 Metaspace       used 86495K, committed 87488K, reserved 1130496K
  class space    used 8343K, committed 8768K, reserved 1048576K
}
Event: 16585.518 GC heap after
{Heap after GC invocations=8092 (full 129):
 PSYoungGen      total 6144K, used 800K [0x00000000eab00000, 0x00000000eb280000, 0x0000000100000000)
  eden space 5120K, 0% used [0x00000000eab00000,0x00000000eab00000,0x00000000eb000000)
  from space 1024K, 78% used [0x00000000eb100000,0x00000000eb1c8000,0x00000000eb200000)
  to   space 512K, 0% used [0x00000000eb200000,0x00000000eb200000,0x00000000eb280000)
 ParOldGen       total 252928K, used 249903K [0x00000000c0000000, 0x00000000cf700000, 0x00000000eab00000)
  object space 252928K, 98% used [0x00000000c0000000,0x00000000cf40bc18,0x00000000cf700000)
 Metaspace       used 86495K, committed 87488K, reserved 1130496K
  class space    used 8343K, committed 8768K, reserved 1048576K
}
Event: 16585.539 GC heap before
{Heap before GC invocations=8093 (full 129):
 PSYoungGen      total 6144K, used 5920K [0x00000000eab00000, 0x00000000eb280000, 0x0000000100000000)
  eden space 5120K, 100% used [0x00000000eab00000,0x00000000eb000000,0x00000000eb000000)
  from space 1024K, 78% used [0x00000000eb100000,0x00000000eb1c8000,0x00000000eb200000)
  to   space 512K, 0% used [0x00000000eb200000,0x00000000eb200000,0x00000000eb280000)
 ParOldGen       total 252928K, used 249903K [0x00000000c0000000, 0x00000000cf700000, 0x00000000eab00000)
  object space 252928K, 98% used [0x00000000c0000000,0x00000000cf40bc18,0x00000000cf700000)
 Metaspace       used 86495K, committed 87488K, reserved 1130496K
  class space    used 8343K, committed 8768K, reserved 1048576K
}
Event: 16585.542 GC heap after
{Heap after GC invocations=8093 (full 129):
 PSYoungGen      total 5632K, used 512K [0x00000000eab00000, 0x00000000eb400000, 0x0000000100000000)
  eden space 5120K, 0% used [0x00000000eab00000,0x00000000eab00000,0x00000000eb000000)
  from space 512K, 100% used [0x00000000eb200000,0x00000000eb280000,0x00000000eb280000)
  to   space 2048K, 0% used [0x00000000eb000000,0x00000000eb000000,0x00000000eb200000)
 ParOldGen       total 252928K, used 251138K [0x00000000c0000000, 0x00000000cf700000, 0x00000000eab00000)
  object space 252928K, 99% used [0x00000000c0000000,0x00000000cf540b38,0x00000000cf700000)
 Metaspace       used 86495K, committed 87488K, reserved 1130496K
  class space    used 8343K, committed 8768K, reserved 1048576K
}
Event: 16586.015 GC heap before
{Heap before GC invocations=8094 (full 129):
 PSYoungGen      total 5632K, used 5631K [0x00000000eab00000, 0x00000000eb400000, 0x0000000100000000)
  eden space 5120K, 99% used [0x00000000eab00000,0x00000000eafffff8,0x00000000eb000000)
  from space 512K, 100% used [0x00000000eb200000,0x00000000eb280000,0x00000000eb280000)
  to   space 2048K, 0% used [0x00000000eb000000,0x00000000eb000000,0x00000000eb200000)
 ParOldGen       total 252928K, used 251138K [0x00000000c0000000, 0x00000000cf700000, 0x00000000eab00000)
  object space 252928K, 99% used [0x00000000c0000000,0x00000000cf540b38,0x00000000cf700000)
 Metaspace       used 86497K, committed 87488K, reserved 1130496K
  class space    used 8343K, committed 8768K, reserved 1048576K
}
Event: 16586.017 GC heap after
{Heap after GC invocations=8094 (full 129):
 PSYoungGen      total 6144K, used 608K [0x00000000eab00000, 0x00000000eb280000, 0x0000000100000000)
  eden space 5120K, 0% used [0x00000000eab00000,0x00000000eab00000,0x00000000eb000000)
  from space 1024K, 59% used [0x00000000eb000000,0x00000000eb098000,0x00000000eb100000)
  to   space 1024K, 0% used [0x00000000eb180000,0x00000000eb180000,0x00000000eb280000)
 ParOldGen       total 252928K, used 251362K [0x00000000c0000000, 0x00000000cf700000, 0x00000000eab00000)
  object space 252928K, 99% used [0x00000000c0000000,0x00000000cf578b38,0x00000000cf700000)
 Metaspace       used 86497K, committed 87488K, reserved 1130496K
  class space    used 8343K, committed 8768K, reserved 1048576K
}
Event: 16586.102 GC heap before
{Heap before GC invocations=8095 (full 129):
 PSYoungGen      total 6144K, used 5728K [0x00000000eab00000, 0x00000000eb280000, 0x0000000100000000)
  eden space 5120K, 100% used [0x00000000eab00000,0x00000000eb000000,0x00000000eb000000)
  from space 1024K, 59% used [0x00000000eb000000,0x00000000eb098000,0x00000000eb100000)
  to   space 1024K, 0% used [0x00000000eb180000,0x00000000eb180000,0x00000000eb280000)
 ParOldGen       total 252928K, used 251362K [0x00000000c0000000, 0x00000000cf700000, 0x00000000eab00000)
  object space 252928K, 99% used [0x00000000c0000000,0x00000000cf578b38,0x00000000cf700000)
 Metaspace       used 86497K, committed 87488K, reserved 1130496K
  class space    used 8343K, committed 8768K, reserved 1048576K
}
Event: 16586.109 GC heap after
{Heap after GC invocations=8095 (full 129):
 PSYoungGen      total 1536K, used 998K [0x00000000eab00000, 0x00000000ebd00000, 0x0000000100000000)
  eden space 512K, 0% used [0x00000000eab00000,0x00000000eab00000,0x00000000eab80000)
  from space 1024K, 97% used [0x00000000eb180000,0x00000000eb279bd8,0x00000000eb280000)
  to   space 6144K, 0% used [0x00000000eab80000,0x00000000eab80000,0x00000000eb180000)
 ParOldGen       total 256000K, used 255809K [0x00000000c0000000, 0x00000000cfa00000, 0x00000000eab00000)
  object space 256000K, 99% used [0x00000000c0000000,0x00000000cf9d0710,0x00000000cfa00000)
 Metaspace       used 86497K, committed 87488K, reserved 1130496K
  class space    used 8343K, committed 8768K, reserved 1048576K
}
Event: 16586.109 GC heap before
{Heap before GC invocations=8096 (full 130):
 PSYoungGen      total 1536K, used 998K [0x00000000eab00000, 0x00000000ebd00000, 0x0000000100000000)
  eden space 512K, 0% used [0x00000000eab00000,0x00000000eab00000,0x00000000eab80000)
  from space 1024K, 97% used [0x00000000eb180000,0x00000000eb279bd8,0x00000000eb280000)
  to   space 6144K, 0% used [0x00000000eab80000,0x00000000eab80000,0x00000000eb180000)
 ParOldGen       total 256000K, used 255809K [0x00000000c0000000, 0x00000000cfa00000, 0x00000000eab00000)
  object space 256000K, 99% used [0x00000000c0000000,0x00000000cf9d0710,0x00000000cfa00000)
 Metaspace       used 86497K, committed 87488K, reserved 1130496K
  class space    used 8343K, committed 8768K, reserved 1048576K
}

